{
    "model": "Inception_v3",
    "optimizer": "Adam",
    "loss function": "Cross Entropy",
    "timestamp": "2021-07-18 07:48:31",
    "num_epoch": 30,
    "lr": 1e-06,
    "momentum": 0.9,
    "step_size": 20,
    "gamma": 0.1,
    "last_train_acc": 0.81077,
    "best_train_acc": 0.8124,
    "last_train_loss": 0.73661,
    "best_train_loss": 0.73661,
    "last_train_f1": 0.81118,
    "best_train_f1": 0.81258,
    "last_val_acc": 0.74333,
    "best_val_acc": 0.77667,
    "last_val_loss": 0.89927,
    "best_val_loss": 0.89858,
    "last_val_f1": 0.74333,
    "best_val_f1": 0.77667,
    "train_accuracies": [
        0.3132137030995106,
        0.36541598694942906,
        0.3792822185970636,
        0.4110929853181077,
        0.4469820554649266,
        0.5081566068515497,
        0.5138662316476346,
        0.5391517128874388,
        0.5742251223491027,
        0.5954323001631321,
        0.6427406199021207,
        0.6484502446982056,
        0.6794453507340946,
        0.6998368678629691,
        0.7153344208809136,
        0.7177814029363785,
        0.7455138662316476,
        0.7789559543230016,
        0.7846655791190864,
        0.7871125611745514,
        0.7944535073409462,
        0.8099510603588908,
        0.7846655791190864,
        0.7838499184339315,
        0.7928221859706363,
        0.8042414355628059,
        0.7944535073409462,
        0.8123980424143556,
        0.7952691680261011,
        0.8107667210440457
    ],
    "train_losses": [
        1.1331278437696897,
        1.105624292064063,
        1.0776323435940518,
        1.0620331976192032,
        1.0375401606178596,
        1.0152684869229502,
        1.0075249934468729,
        0.9892756788221113,
        0.9673641902587542,
        0.9480691502572661,
        0.9252253303131116,
        0.9078090808325452,
        0.8911680883528941,
        0.8710933375319688,
        0.8578541257447558,
        0.8412166701638873,
        0.8216419538899308,
        0.7997179268623837,
        0.7781747416220909,
        0.7688849020937722,
        0.7574604170162954,
        0.7514352425082084,
        0.7581720529139334,
        0.7565725927057313,
        0.7528502796252439,
        0.7521798388992982,
        0.7460283951113702,
        0.7430752298960289,
        0.7504001612764393,
        0.7366079701685011
    ],
    "train_f1_list": [
        0.28143979719832246,
        0.33918024371362354,
        0.35936690096703083,
        0.3856256150143473,
        0.4300569284815552,
        0.5000410126417113,
        0.5005025247851995,
        0.5315230475525383,
        0.5710199090505377,
        0.5896504885938681,
        0.6385129803237071,
        0.6458458549251196,
        0.6779955299623062,
        0.6983499927700489,
        0.7133718900774294,
        0.7163955974508723,
        0.7444217387791564,
        0.7781429373109833,
        0.7847073862676848,
        0.7871091908236993,
        0.7944905275015866,
        0.8102333220684516,
        0.784630312279734,
        0.7837280091418339,
        0.7925528008353431,
        0.804362662509449,
        0.794719756248392,
        0.812579325783344,
        0.7951826887599559,
        0.8111818320292471
    ],
    "val_accuracies": [
        0.3433333333333333,
        0.35333333333333333,
        0.36666666666666664,
        0.42,
        0.45666666666666667,
        0.4866666666666667,
        0.5233333333333333,
        0.5566666666666666,
        0.5933333333333334,
        0.6366666666666667,
        0.64,
        0.6766666666666666,
        0.68,
        0.7033333333333334,
        0.7266666666666667,
        0.7233333333333334,
        0.7033333333333334,
        0.7133333333333334,
        0.74,
        0.76,
        0.7633333333333333,
        0.7533333333333333,
        0.76,
        0.75,
        0.77,
        0.7466666666666667,
        0.75,
        0.76,
        0.7766666666666666,
        0.7433333333333333
    ],
    "val_losses": [
        1.0975859491030375,
        1.087437213261922,
        1.0805860869089763,
        1.0657219290733337,
        1.053663087685903,
        1.043466984430949,
        1.0362134059270223,
        1.0234521969159445,
        1.014362465540568,
        1.003697188695272,
        0.9955146153767903,
        0.9852248279253641,
        0.9769312127431233,
        0.9661403886477152,
        0.9564691559473674,
        0.9480433694521586,
        0.9411990753809611,
        0.9300301273663839,
        0.9171759915351868,
        0.9062555829683939,
        0.9090984320640564,
        0.9065212996800741,
        0.9030259164174398,
        0.9047161118189494,
        0.9034988419214884,
        0.9092796111106872,
        0.9039044984181722,
        0.8985775621732076,
        0.8991040031115214,
        0.8992732731501262
    ],
    "val_f1_list": [
        0.3433333333333333,
        0.35333333333333333,
        0.36666666666666664,
        0.41999999999999993,
        0.45666666666666667,
        0.4866666666666667,
        0.5233333333333333,
        0.5566666666666666,
        0.5933333333333334,
        0.6366666666666667,
        0.64,
        0.6766666666666666,
        0.68,
        0.7033333333333334,
        0.7266666666666666,
        0.7233333333333334,
        0.7033333333333334,
        0.7133333333333335,
        0.74,
        0.76,
        0.7633333333333333,
        0.7533333333333333,
        0.76,
        0.75,
        0.7699999999999999,
        0.7466666666666667,
        0.75,
        0.76,
        0.7766666666666666,
        0.7433333333333333
    ]
}
