{
    "model": "ResNeXt50",
    "optimizer": "Adam",
    "loss function": "Cross Entropy",
    "timestamp": "2021-07-21 00:11:24",
    "num_epoch": 20,
    "lr": 1e-06,
    "momentum": 0.9,
    "step_size": 20,
    "gamma": 0.1,
    "last_train_acc": 0.99695,
    "best_train_acc": 0.99695,
    "last_train_loss": 0.02504,
    "best_train_loss": 0.02504,
    "last_train_f1": 0.99695,
    "best_train_f1": 0.99695,
    "last_val_acc": 0.91333,
    "best_val_acc": 0.91333,
    "last_val_loss": 0.23955,
    "best_val_loss": 0.22507,
    "last_val_f1": 0.91333,
    "best_val_f1": 0.91333,
    "train_accuracies": [
        0.6407607419582062,
        0.8213195585818267,
        0.868044141817328,
        0.8985677389058465,
        0.9164123033575957,
        0.9427095562338578,
        0.9523362291617751,
        0.9610237144869688,
        0.9725287626203334,
        0.9727635595210143,
        0.9793378727400799,
        0.9835642169523362,
        0.9852077952571027,
        0.9882601549659544,
        0.9910777177741255,
        0.9910777177741255,
        0.9924864991782109,
        0.9964780464897863,
        0.9950692650857009,
        0.9969476402911481
    ],
    "train_losses": [
        0.8648708453198558,
        0.6277828668940653,
        0.4521107023857826,
        0.34416315269514997,
        0.29139357027130863,
        0.22287160578706675,
        0.1862546986230916,
        0.15318593965901486,
        0.1271499912345261,
        0.11442700811613891,
        0.0940433462023784,
        0.08041450671500011,
        0.06711104776020144,
        0.054438377083061616,
        0.04718590266635214,
        0.042518312708689214,
        0.039861479774554814,
        0.030416256926575926,
        0.02829401559815472,
        0.025038220334284655
    ],
    "train_f1_list": [
        0.6115209899767993,
        0.7995624324466172,
        0.8508024279530382,
        0.8883827501248511,
        0.9127817640727183,
        0.9413208836693246,
        0.9518741851111632,
        0.9608880285895971,
        0.972489366580879,
        0.9727246637112896,
        0.9793249499462945,
        0.983568555238754,
        0.9852061865532781,
        0.9882630915508233,
        0.991070376032387,
        0.991076720140085,
        0.9924861702663845,
        0.9964757434055619,
        0.9950690782728685,
        0.996947767221875
    ],
    "val_accuracies": [
        0.4466666666666667,
        0.45,
        0.48000000000000004,
        0.5700000000000001,
        0.6733333333333333,
        0.79,
        0.8133333333333334,
        0.8833333333333334,
        0.8766666666666667,
        0.8733333333333334,
        0.8966666666666667,
        0.9066666666666667,
        0.9133333333333334,
        0.9066666666666667,
        0.91,
        0.91,
        0.9066666666666667,
        0.9033333333333334,
        0.9133333333333334,
        0.9133333333333334
    ],
    "val_losses": [
        1.0591416994730631,
        1.0066079020500183,
        0.9394534468650818,
        0.8386267403761546,
        0.7253964165846507,
        0.5833784878253937,
        0.4960709234078725,
        0.398496284087499,
        0.3546642223993937,
        0.34619148870309197,
        0.2955620740850767,
        0.2834518810113271,
        0.24325915227333705,
        0.2704895687599977,
        0.253136083111167,
        0.23034333108613889,
        0.25737343144913516,
        0.22506550022711355,
        0.2522431992615263,
        0.23954984390487274
    ],
    "val_f1_list": [
        0.44666666666666666,
        0.45,
        0.48,
        0.57,
        0.6733333333333333,
        0.79,
        0.8133333333333334,
        0.8833333333333333,
        0.8766666666666667,
        0.8733333333333333,
        0.8966666666666666,
        0.9066666666666666,
        0.9133333333333333,
        0.9066666666666666,
        0.91,
        0.91,
        0.9066666666666666,
        0.9033333333333333,
        0.9133333333333333,
        0.9133333333333333
    ]
}
{
    "model": "ResNeXt50, Inception_v3",
    "optimizer": "Adam",
    "loss function": "Cross Entropy",
    "timestamp": "2021-07-21 12:39:25",
    "num_epoch": 10,
    "lr": 1e-06,
    "momentum": 0.9,
    "step_size": 20,
    "gamma": 0.1,
    "last_train_acc": 0.96055,
    "best_train_acc": 0.96055,
    "last_train_loss": 0.14651,
    "best_train_loss": 0.14651,
    "last_train_f1": 0.95692,
    "best_train_f1": 0.95692,
    "last_val_acc": 0.79,
    "best_val_acc": 0.79,
    "last_val_loss": 0.5093,
    "best_val_loss": 0.5093,
    "last_val_f1": 0.79,
    "best_val_f1": 0.79,
    "train_accuracies": [
        0.5428504343742663,
        0.7978398685137357,
        0.8605306409955389,
        0.8701573139234562,
        0.8828363465602255,
        0.9016200986146983,
        0.9093683963371684,
        0.9220474289739375,
        0.9340220709086641,
        0.960554120685607
    ],
    "train_losses": [
        0.9665651534414818,
        0.7921301875211846,
        0.6397616294634457,
        0.5013882960546013,
        0.3980979153488018,
        0.32231093616686,
        0.271231718447097,
        0.2223159670759798,
        0.1861069476234994,
        0.14651325480615793
    ],
    "train_f1_list": [
        0.46024935604386763,
        0.7755341089580852,
        0.8367978391646945,
        0.8458913251951306,
        0.8582501755807637,
        0.876388420262741,
        0.883757162456436,
        0.8958138875282835,
        0.9184907211213441,
        0.956922040937229
    ],
    "val_accuracies": [
        0.3666666666666667,
        0.4066666666666667,
        0.3866666666666667,
        0.4466666666666667,
        0.5033333333333334,
        0.5733333333333334,
        0.6266666666666667,
        0.6566666666666667,
        0.7466666666666667,
        0.79
    ],
    "val_losses": [
        1.1382849514484406,
        1.1805923342704774,
        1.180745244026184,
        1.130458003282547,
        1.06842180788517,
        0.9704215615987778,
        0.8522737115621567,
        0.7201688081026077,
        0.6028020069003105,
        0.509301882982254
    ],
    "val_f1_list": [
        0.36666666666666664,
        0.4066666666666667,
        0.38666666666666666,
        0.44666666666666666,
        0.5033333333333333,
        0.5733333333333334,
        0.6266666666666667,
        0.6566666666666666,
        0.7466666666666667,
        0.79
    ]
}
