{
    "model": "ResNeXt50",
    "optimizer": "Adam",
    "loss function": "Cross Entropy",
    "timestamp": "2021-07-17 18:36:34",
    "num_epoch": 30,
    "lr": 1e-06,
    "momentum": 0.9,
    "step_size": 20,
    "gamma": 0.1,
    "last_train_acc": 0.92007,
    "best_train_acc": 0.93393,
    "last_train_loss": 0.40412,
    "best_train_loss": 0.39557,
    "last_train_f1": 0.92021,
    "best_train_f1": 0.93415,
    "last_val_acc": 0.82333,
    "best_val_acc": 0.82333,
    "last_val_loss": 0.60051,
    "best_val_loss": 0.60051,
    "last_val_f1": 0.82333,
    "best_val_f1": 0.82333,
    "train_accuracies": [
        0.3743882544861338,
        0.41272430668841764,
        0.4624796084828711,
        0.5146818923327896,
        0.5799347471451876,
        0.6215334420880914,
        0.6533442088091354,
        0.734910277324633,
        0.734910277324633,
        0.7936378466557912,
        0.8262642740619902,
        0.8409461663947798,
        0.8646003262642741,
        0.8686786296900489,
        0.8719412724306689,
        0.8915171288743883,
        0.9029363784665579,
        0.9086460032626428,
        0.9086460032626428,
        0.9127243066884176,
        0.9290375203915171,
        0.9143556280587276,
        0.9192495921696574,
        0.9200652528548124,
        0.9233278955954323,
        0.9208809135399674,
        0.9233278955954323,
        0.9274061990212071,
        0.933931484502447,
        0.9200652528548124
    ],
    "train_losses": [
        1.11165924076155,
        1.0625293972441656,
        1.0163075133404569,
        0.9724228170139755,
        0.9218354684104733,
        0.8830279151728259,
        0.8492034721335618,
        0.800856402122566,
        0.7768277377133268,
        0.7321494554228728,
        0.6976268498582513,
        0.6671670239667908,
        0.6260902158198893,
        0.5963827033221819,
        0.5737640013702542,
        0.5444700955177793,
        0.5173493870708721,
        0.49020986057222377,
        0.462356294446046,
        0.4470296059697137,
        0.42283076281259735,
        0.4299940206778963,
        0.4186691580549928,
        0.4150190490493961,
        0.4125261066593898,
        0.412266133076604,
        0.4116519221376634,
        0.41049332185048265,
        0.3955697623395998,
        0.4041244599597489
    ],
    "train_f1_list": [
        0.2823390630664256,
        0.33091058503345105,
        0.3943971574825514,
        0.46120747036582393,
        0.5457204535442328,
        0.5967721170484934,
        0.6355761184467443,
        0.7287902285749869,
        0.7297270338766146,
        0.7919323180983961,
        0.8253135466651211,
        0.8401303324154715,
        0.8644809762473388,
        0.8684334909385212,
        0.8717799879211645,
        0.8918249022131081,
        0.9031198489393599,
        0.9087434039993058,
        0.9088078873124101,
        0.9127569270586258,
        0.9291710313349578,
        0.914478864002335,
        0.9193758256107866,
        0.920376635137672,
        0.9235346749375468,
        0.9210618514393025,
        0.9234822629274654,
        0.927504503236143,
        0.9341524435272945,
        0.9202141721521976
    ],
    "val_accuracies": [
        0.4633333333333333,
        0.45666666666666667,
        0.4766666666666667,
        0.5266666666666666,
        0.5833333333333334,
        0.6333333333333333,
        0.6933333333333334,
        0.7466666666666667,
        0.7566666666666667,
        0.7666666666666667,
        0.79,
        0.7833333333333333,
        0.7966666666666666,
        0.78,
        0.7766666666666666,
        0.81,
        0.7833333333333333,
        0.8166666666666667,
        0.82,
        0.81,
        0.79,
        0.7866666666666666,
        0.8,
        0.7933333333333333,
        0.7933333333333333,
        0.82,
        0.7966666666666666,
        0.79,
        0.8066666666666666,
        0.8233333333333334
    ],
    "val_losses": [
        1.0565546902020773,
        1.0421711206436157,
        1.0196427885691326,
        0.9929251146316528,
        0.9684321387608846,
        0.9378264220555623,
        0.914604643980662,
        0.8871732989947001,
        0.8626219169298808,
        0.8439474471410116,
        0.814649338722229,
        0.7953190835316976,
        0.7757970023155213,
        0.7681440862019857,
        0.747247838973999,
        0.7097180279095968,
        0.6963571564356485,
        0.6708567174275716,
        0.6366225560506185,
        0.6232196974754334,
        0.6315168976783753,
        0.6304707328478495,
        0.6285726539293925,
        0.6276695624987284,
        0.6261284899711609,
        0.6088584605852763,
        0.6147421614329021,
        0.6121740055084228,
        0.6150425632794698,
        0.6005071393648783
    ],
    "val_f1_list": [
        0.4633333333333333,
        0.45666666666666667,
        0.4766666666666667,
        0.5266666666666666,
        0.5833333333333334,
        0.6333333333333333,
        0.6933333333333334,
        0.7466666666666667,
        0.7566666666666667,
        0.7666666666666667,
        0.79,
        0.7833333333333333,
        0.7966666666666665,
        0.78,
        0.7766666666666666,
        0.81,
        0.7833333333333333,
        0.8166666666666667,
        0.82,
        0.81,
        0.79,
        0.7866666666666666,
        0.8000000000000002,
        0.7933333333333333,
        0.7933333333333333,
        0.82,
        0.7966666666666665,
        0.79,
        0.8066666666666665,
        0.8233333333333334
    ]
}
